#
# A fatal error has been detected by the Java Runtime Environment:
#
#  EXCEPTION_ACCESS_VIOLATION (0xc0000005) at pc=0x00007ffa5095429d, pid=7880, tid=10148
#
# JRE version: Java(TM) SE Runtime Environment (8.0_11-b12) (build 1.8.0_11-b12)
# Java VM: Java HotSpot(TM) 64-Bit Server VM (25.11-b03 mixed mode windows-amd64 compressed oops)
# Problematic frame:
# C  [dcpushBasis.dll+0x2429d]
#
# Failed to write core dump. Minidumps are not enabled by default on client versions of Windows
#
# If you would like to submit a bug report, please visit:
#   http://bugreport.sun.com/bugreport/crash.jsp
# The crash happened outside the Java Virtual Machine in native code.
# See problematic frame for where to report the bug.
#

---------------  T H R E A D  ---------------

Current thread (0x000000000cd8c000):  JavaThread "http-8080-2" daemon [_thread_in_native, id=10148, stack(0x0000000020c10000,0x0000000020d10000)]

siginfo: ExceptionCode=0xc0000005, reading address 0xffffffffffffffff

Registers:
RAX=0x0000000000000001, RBX=0x0000000000000013, RCX=0x00007ffa509ef790, RDX=0x00000000000002d3
RSP=0x0000000020d0a7f0, RBP=0x0000000000b07d50, RSI=0x0000000000b3fcb0, RDI=0x0000000000b3fcb0
R8 =0x005c006500680063, R9 =0x000000000000001c, R10=0x0000000000b3fc20, R11=0x0000000000b3fcb0
R12=0x0000000000000000, R13=0x0000000020ffd3a0, R14=0x0000000000000000, R15=0x0000000000000001
RIP=0x00007ffa5095429d, EFLAGS=0x0000000000010206

Top of Stack: (sp=0x0000000020d0a7f0)
0x0000000020d0a7f0:   0000000000000014 0000000000000014
0x0000000020d0a800:   0000000020d0a918 0000000000000001
0x0000000020d0a810:   0000000000000014 00007ffa50954845
0x0000000020d0a820:   fffffffffffffffe 0000000020d0a8e0
0x0000000020d0a830:   0000000020d0a918 0000000020d0a8f8
0x0000000020d0a840:   0000000000b3fcb0 00007ffa5094625f
0x0000000020d0a850:   0000000000b3fda0 0000000000000000
0x0000000020d0a860:   00001e108560382d 0000000000b3fbf0
0x0000000020d0a870:   0000000000b3fcb0 00007ffa50945bd9
0x0000000020d0a880:   0000000000b3fda0 0000000020d0a9b0
0x0000000020d0a890:   0000000000000001 0000000000000001
0x0000000020d0a8a0:   0000000020d0a9b0 00007ffa547e23df
0x0000000020d0a8b0:   0000000000000064 0000000020d0a9b0
0x0000000020d0a8c0:   0000000000000001 0000000000000064
0x0000000020d0a8d0:   0000000020d0b150 00000000654a8346
0x0000000020d0a8e0:   0000000000b3fda0 0000000000b3fdc0 

Instructions: (pc=0x00007ffa5095429d)
0x00007ffa5095427d:   cc cc cc 48 ff a1 98 00 00 00 cc cc cc cc cc cc
0x00007ffa5095428d:   cc cc cc 48 83 ec 28 49 83 c1 08 4d 85 c0 74 54
0x00007ffa5095429d:   4d 63 58 08 41 8b 40 0c 41 0f af c3 44 3b c8 7d
0x00007ffa509542ad:   43 41 8b c1 99 41 f7 fb 33 d2 44 8b d0 49 8b c1 


Register to memory mapping:

RAX=0x0000000000000001 is an unknown value
RBX=0x0000000000000013 is an unknown value
RCX=0x00007ffa509ef790 is an unknown value
RDX=0x00000000000002d3 is an unknown value
RSP=0x0000000020d0a7f0 is pointing into the stack for thread: 0x000000000cd8c000
RBP=0x0000000000b07d50 is an unknown value
RSI=0x0000000000b3fcb0 is an unknown value
RDI=0x0000000000b3fcb0 is an unknown value
R8 =0x005c006500680063 is an unknown value
R9 =0x000000000000001c is an unknown value
R10=0x0000000000b3fc20 is an unknown value
R11=0x0000000000b3fcb0 is an unknown value
R12=0x0000000000000000 is an unknown value
R13=0x0000000020ffd3a0 is an unknown value
R14=0x0000000000000000 is an unknown value
R15=0x0000000000000001 is an unknown value


Stack: [0x0000000020c10000,0x0000000020d10000],  sp=0x0000000020d0a7f0,  free space=1001k
Native frames: (J=compiled Java code, j=interpreted, Vv=VM code, C=native code)
C  [dcpushBasis.dll+0x2429d]
C  [dcpushBasis.dll+0x24845]
C  [dcpushBasis.dll+0x1625f]
C  [dcpushBasis.dll+0x15bd9]
C  [dcpushSDK.DLL+0x23df]
C  [jna8807685733988350196.dll+0x16df3]
C  [jna8807685733988350196.dll+0xf84a]
C  [jna8807685733988350196.dll+0x3c50]
C  [jna8807685733988350196.dll+0x4b37]
C  0x000000000f0251ae

Java frames: (J=compiled Java code, j=interpreted, Vv=VM code)
j  com.sun.jna.Native.invokeInt(JI[Ljava/lang/Object;)I+0
j  com.sun.jna.Function.invoke([Ljava/lang/Object;Ljava/lang/Class;Z)Ljava/lang/Object;+333
j  com.sun.jna.Function.invoke(Ljava/lang/Class;[Ljava/lang/Object;Ljava/util/Map;)Ljava/lang/Object;+214
j  com.sun.jna.Library$Handler.invoke(Ljava/lang/Object;Ljava/lang/reflect/Method;[Ljava/lang/Object;)Ljava/lang/Object;+341
j  com.sun.proxy.$Proxy44.SEC_PUSH_ReadTableData(Ljava/lang/String;ILjava/lang/String;I)I+35
j  com.liusm.SdkManageImpl.SEC_PUSH_ReadTableData(Ljava/lang/String;ILjava/lang/String;I)I+15
j  com.lana.action.PersionAction.getAllPersion()Ljava/lang/String;+11
v  ~StubRoutines::call_stub
J 2008  sun.reflect.NativeMethodAccessorImpl.invoke0(Ljava/lang/reflect/Method;Ljava/lang/Object;[Ljava/lang/Object;)Ljava/lang/Object; (0 bytes) @ 0x000000000f6626ff [0x000000000f662680+0x7f]
J 2007 C1 sun.reflect.NativeMethodAccessorImpl.invoke(Ljava/lang/Object;[Ljava/lang/Object;)Ljava/lang/Object; (104 bytes) @ 0x000000000f663ce4 [0x000000000f662b80+0x1164]
J 5578 C2 java.lang.reflect.Method.invoke(Ljava/lang/Object;[Ljava/lang/Object;)Ljava/lang/Object; (62 bytes) @ 0x000000001019f0ec [0x000000001019f040+0xac]
J 7319 C1 ognl.OgnlRuntime.invokeMethod(Ljava/lang/Object;Ljava/lang/reflect/Method;[Ljava/lang/Object;)Ljava/lang/Object; (381 bytes) @ 0x000000001040af34 [0x0000000010409960+0x15d4]
J 8928 C1 ognl.OgnlRuntime.callAppropriateMethod(Lognl/OgnlContext;Ljava/lang/Object;Ljava/lang/Object;Ljava/lang/String;Ljava/lang/String;Ljava/util/List;[Ljava/lang/Object;)Ljava/lang/Object; (457 bytes) @ 0x0000000010a7391c [0x0000000010a70e20+0x2afc]
j  ognl.ObjectMethodAccessor.callMethod(Ljava/util/Map;Ljava/lang/Object;Ljava/lang/String;[Ljava/lang/Object;)Ljava/lang/Object;+59
j  com.opensymphony.xwork2.ognl.accessor.XWorkMethodAccessor.callMethodWithDebugInfo(Ljava/util/Map;Ljava/lang/Object;Ljava/lang/String;[Ljava/lang/Object;)Ljava/lang/Object;+6
j  com.opensymphony.xwork2.ognl.accessor.XWorkMethodAccessor.callMethod(Ljava/util/Map;Ljava/lang/Object;Ljava/lang/String;[Ljava/lang/Object;)Ljava/lang/Object;+234
j  ognl.OgnlRuntime.callMethod(Lognl/OgnlContext;Ljava/lang/Object;Ljava/lang/String;[Ljava/lang/Object;)Ljava/lang/Object;+42
j  ognl.ASTMethod.getValueBody(Lognl/OgnlContext;Ljava/lang/Object;)Ljava/lang/Object;+63
J 9135 C2 ognl.SimpleNode.getValue(Lognl/OgnlContext;Ljava/lang/Object;)Ljava/lang/Object; (177 bytes) @ 0x0000000010b7334c [0x0000000010b73260+0xec]
J 7163 C1 ognl.Ognl.getValue(Ljava/lang/Object;Ljava/util/Map;Ljava/lang/Object;Ljava/lang/Class;)Ljava/lang/Object; (83 bytes) @ 0x000000000faad874 [0x000000000faad3a0+0x4d4]
J 7161 C1 com.opensymphony.xwork2.ognl.OgnlUtil$2.execute(Ljava/lang/Object;)Ljava/lang/Object; (13 bytes) @ 0x00000000101f0d8c [0x00000000101f0cc0+0xcc]
J 6905 C1 com.opensymphony.xwork2.ognl.OgnlUtil.compileAndExecute(Ljava/lang/String;Ljava/util/Map;Lcom/opensymphony/xwork2/ognl/OgnlUtil$OgnlTask;)Ljava/lang/Object; (86 bytes) @ 0x000000000ff3b23c [0x000000000ff3ada0+0x49c]
J 9132 C1 com.opensymphony.xwork2.DefaultActionInvocation.invokeAction(Ljava/lang/Object;Lcom/opensymphony/xwork2/config/entities/ActionConfig;)Ljava/lang/String; (402 bytes) @ 0x0000000010b7a134 [0x0000000010b79000+0x1134]
J 9127 C2 com.opensymphony.xwork2.DefaultActionInvocation.invoke()Ljava/lang/String; (246 bytes) @ 0x0000000010b76a64 [0x0000000010b769a0+0xc4]
j  org.apache.struts2.interceptor.DeprecationInterceptor.intercept(Lcom/opensymphony/xwork2/ActionInvocation;)Ljava/lang/String;+30
J 9127 C2 com.opensymphony.xwork2.DefaultActionInvocation.invoke()Ljava/lang/String; (246 bytes) @ 0x0000000010b76c48 [0x0000000010b769a0+0x2a8]
j  org.apache.struts2.interceptor.debugging.DebuggingInterceptor.intercept(Lcom/opensymphony/xwork2/ActionInvocation;)Ljava/lang/String;+342
J 9127 C2 com.opensymphony.xwork2.DefaultActionInvocation.invoke()Ljava/lang/String; (246 bytes) @ 0x0000000010b76c48 [0x0000000010b769a0+0x2a8]
J 9391 C1 com.opensymphony.xwork2.interceptor.DefaultWorkflowInterceptor.doIntercept(Lcom/opensymphony/xwork2/ActionInvocation;)Ljava/lang/String; (118 bytes) @ 0x0000000010d0c19c [0x0000000010d0b620+0xb7c]
J 7031 C1 com.opensymphony.xwork2.interceptor.MethodFilterInterceptor.intercept(Lcom/opensymphony/xwork2/ActionInvocation;)Ljava/lang/String; (21 bytes) @ 0x000000000fd42ee4 [0x000000000fd42d60+0x184]
J 9127 C2 com.opensymphony.xwork2.DefaultActionInvocation.invoke()Ljava/lang/String; (246 bytes) @ 0x0000000010b76c48 [0x0000000010b769a0+0x2a8]
j  com.opensymphony.xwork2.validator.ValidationInterceptor.doIntercept(Lcom/opensymphony/xwork2/ActionInvocation;)Ljava/lang/String;+6
j  org.apache.struts2.interceptor.validation.AnnotationValidationInterceptor.doIntercept(Lcom/opensymphony/xwork2/ActionInvocation;)Ljava/lang/String;+202
J 7031 C1 com.opensymphony.xwork2.interceptor.MethodFilterInterceptor.intercept(Lcom/opensymphony/xwork2/ActionInvocation;)Ljava/lang/String; (21 bytes) @ 0x000000000fd42ee4 [0x000000000fd42d60+0x184]
J 9127 C2 com.opensymphony.xwork2.DefaultActionInvocation.invoke()Ljava/lang/String; (246 bytes) @ 0x0000000010b76c48 [0x0000000010b769a0+0x2a8]
j  com.opensymphony.xwork2.interceptor.ConversionErrorInterceptor.intercept(Lcom/opensymphony/xwork2/ActionInvocation;)Ljava/lang/String;+200
J 9127 C2 com.opensymphony.xwork2.DefaultActionInvocation.invoke()Ljava/lang/String; (246 bytes) @ 0x0000000010b76c48 [0x0000000010b769a0+0x2a8]
J 7668 C1 com.opensymphony.xwork2.interceptor.ParametersInterceptor.doIntercept(Lcom/opensymphony/xwork2/ActionInvocation;)Ljava/lang/String; (170 bytes) @ 0x00000000104c5cfc [0x00000000104c41e0+0x1b1c]
J 7031 C1 com.opensymphony.xwork2.interceptor.MethodFilterInterceptor.intercept(Lcom/opensymphony/xwork2/ActionInvocation;)Ljava/lang/String; (21 bytes) @ 0x000000000fd42ee4 [0x000000000fd42d60+0x184]
J 9127 C2 com.opensymphony.xwork2.DefaultActionInvocation.invoke()Ljava/lang/String; (246 bytes) @ 0x0000000010b76c48 [0x0000000010b769a0+0x2a8]
J 7668 C1 com.opensymphony.xwork2.interceptor.ParametersInterceptor.doIntercept(Lcom/opensymphony/xwork2/ActionInvocation;)Ljava/lang/String; (170 bytes) @ 0x00000000104c5cfc [0x00000000104c41e0+0x1b1c]
J 7031 C1 com.opensymphony.xwork2.interceptor.MethodFilterInterceptor.intercept(Lcom/opensymphony/xwork2/ActionInvocation;)Ljava/lang/String; (21 bytes) @ 0x000000000fd42ee4 [0x000000000fd42d60+0x184]
J 9127 C2 com.opensymphony.xwork2.DefaultActionInvocation.invoke()Ljava/lang/String; (246 bytes) @ 0x0000000010b76c48 [0x0000000010b769a0+0x2a8]
j  com.opensymphony.xwork2.interceptor.StaticParametersInterceptor.intercept(Lcom/opensymphony/xwork2/ActionInvocation;)Ljava/lang/String;+525
J 9127 C2 com.opensymphony.xwork2.DefaultActionInvocation.invoke()Ljava/lang/String; (246 bytes) @ 0x0000000010b76c48 [0x0000000010b769a0+0x2a8]
J 9388 C1 org.apache.struts2.interceptor.MultiselectInterceptor.intercept(Lcom/opensymphony/xwork2/ActionInvocation;)Ljava/lang/String; (127 bytes) @ 0x0000000010d084d4 [0x0000000010d07420+0x10b4]
J 9127 C2 com.opensymphony.xwork2.DefaultActionInvocation.invoke()Ljava/lang/String; (246 bytes) @ 0x0000000010b76c48 [0x0000000010b769a0+0x2a8]
J 9385 C1 org.apache.struts2.interceptor.DateTextFieldInterceptor.intercept(Lcom/opensymphony/xwork2/ActionInvocation;)Ljava/lang/String; (582 bytes) @ 0x0000000010d02694 [0x0000000010cfd3a0+0x52f4]
J 9127 C2 com.opensymphony.xwork2.DefaultActionInvocation.invoke()Ljava/lang/String; (246 bytes) @ 0x0000000010b76c48 [0x0000000010b769a0+0x2a8]
J 9384 C1 org.apache.struts2.interceptor.CheckboxInterceptor.intercept(Lcom/opensymphony/xwork2/ActionInvocation;)Ljava/lang/String; (214 bytes) @ 0x0000000010cfb47c [0x0000000010cf98a0+0x1bdc]
J 9127 C2 com.opensymphony.xwork2.DefaultActionInvocation.invoke()Ljava/lang/String; (246 bytes) @ 0x0000000010b76c48 [0x0000000010b769a0+0x2a8]
j  org.apache.struts2.interceptor.FileUploadInterceptor.intercept(Lcom/opensymphony/xwork2/ActionInvocation;)Ljava/lang/String;+86
J 9127 C2 com.opensymphony.xwork2.DefaultActionInvocation.invoke()Ljava/lang/String; (246 bytes) @ 0x0000000010b76c48 [0x0000000010b769a0+0x2a8]
j  com.opensymphony.xwork2.interceptor.ModelDrivenInterceptor.intercept(Lcom/opensymphony/xwork2/ActionInvocation;)Ljava/lang/String;+73
J 9127 C2 com.opensymphony.xwork2.DefaultActionInvocation.invoke()Ljava/lang/String; (246 bytes) @ 0x0000000010b76c48 [0x0000000010b769a0+0x2a8]
j  com.opensymphony.xwork2.interceptor.ScopedModelDrivenInterceptor.intercept(Lcom/opensymphony/xwork2/ActionInvocation;)Ljava/lang/String;+179
J 9127 C2 com.opensymphony.xwork2.DefaultActionInvocation.invoke()Ljava/lang/String; (246 bytes) @ 0x0000000010b76c48 [0x0000000010b769a0+0x2a8]
j  com.opensymphony.xwork2.interceptor.ChainingInterceptor.intercept(Lcom/opensymphony/xwork2/ActionInvocation;)Ljava/lang/String;+30
J 9127 C2 com.opensymphony.xwork2.DefaultActionInvocation.invoke()Ljava/lang/String; (246 bytes) @ 0x0000000010b76c48 [0x0000000010b769a0+0x2a8]
j  com.opensymphony.xwork2.interceptor.PrepareInterceptor.doIntercept(Lcom/opensymphony/xwork2/ActionInvocation;)Ljava/lang/String;+116
J 7031 C1 com.opensymphony.xwork2.interceptor.MethodFilterInterceptor.intercept(Lcom/opensymphony/xwork2/ActionInvocation;)Ljava/lang/String; (21 bytes) @ 0x000000000fd42ee4 [0x000000000fd42d60+0x184]
J 9127 C2 com.opensymphony.xwork2.DefaultActionInvocation.invoke()Ljava/lang/String; (246 bytes) @ 0x0000000010b76c48 [0x0000000010b769a0+0x2a8]
j  com.opensymphony.xwork2.interceptor.I18nInterceptor.intercept(Lcom/opensymphony/xwork2/ActionInvocation;)Ljava/lang/String;+131
J 9127 C2 com.opensymphony.xwork2.DefaultActionInvocation.invoke()Ljava/lang/String; (246 bytes) @ 0x0000000010b76c48 [0x0000000010b769a0+0x2a8]
j  org.apache.struts2.interceptor.ServletConfigInterceptor.intercept(Lcom/opensymphony/xwork2/ActionInvocation;)Ljava/lang/String;+228
J 9127 C2 com.opensymphony.xwork2.DefaultActionInvocation.invoke()Ljava/lang/String; (246 bytes) @ 0x0000000010b76c48 [0x0000000010b769a0+0x2a8]
j  com.opensymphony.xwork2.interceptor.AliasInterceptor.intercept(Lcom/opensymphony/xwork2/ActionInvocation;)Ljava/lang/String;+536
J 9127 C2 com.opensymphony.xwork2.DefaultActionInvocation.invoke()Ljava/lang/String; (246 bytes) @ 0x0000000010b76c48 [0x0000000010b769a0+0x2a8]
j  com.opensymphony.xwork2.interceptor.ExceptionMappingInterceptor.intercept(Lcom/opensymphony/xwork2/ActionInvocation;)Ljava/lang/String;+1
J 9127 C2 com.opensymphony.xwork2.DefaultActionInvocation.invoke()Ljava/lang/String; (246 bytes) @ 0x0000000010b76c48 [0x0000000010b769a0+0x2a8]
j  org.apache.struts2.impl.StrutsActionProxy.execute()Ljava/lang/String;+20
j  org.apache.struts2.dispatcher.Dispatcher.serviceAction(Ljavax/servlet/http/HttpServletRequest;Ljavax/servlet/http/HttpServletResponse;Lorg/apache/struts2/dispatcher/mapper/ActionMapping;)V+193
J 9371 C1 org.apache.struts2.dispatcher.ng.filter.StrutsPrepareAndExecuteFilter.doFilter(Ljavax/servlet/ServletRequest;Ljavax/servlet/ServletResponse;Ljavax/servlet/FilterChain;)V (179 bytes) @ 0x0000000010cc70f4 [0x0000000010cc6940+0x7b4]
J 8895 C1 org.apache.catalina.core.ApplicationFilterChain.internalDoFilter(Ljavax/servlet/ServletRequest;Ljavax/servlet/ServletResponse;)V (550 bytes) @ 0x0000000010a1fa74 [0x0000000010a1f760+0x314]
J 8894 C1 org.apache.catalina.core.ApplicationFilterChain.doFilter(Ljavax/servlet/ServletRequest;Ljavax/servlet/ServletResponse;)V (105 bytes) @ 0x00000000109c7404 [0x00000000109c7380+0x84]
J 9368 C1 org.apache.catalina.core.StandardWrapperValve.invoke(Lorg/apache/catalina/connector/Request;Lorg/apache/catalina/connector/Response;)V (1354 bytes) @ 0x0000000010cafe54 [0x0000000010ca8e60+0x6ff4]
J 9367 C1 org.apache.catalina.core.StandardContextValve.invoke(Lorg/apache/catalina/connector/Request;Lorg/apache/catalina/connector/Response;)V (500 bytes) @ 0x0000000010c9f28c [0x0000000010c9cd60+0x252c]
J 9366 C1 org.apache.catalina.core.StandardHostValve.invoke(Lorg/apache/catalina/connector/Request;Lorg/apache/catalina/connector/Response;)V (132 bytes) @ 0x0000000010c98ea4 [0x0000000010c982e0+0xbc4]
J 8975 C1 org.apache.catalina.valves.ErrorReportValve.invoke(Lorg/apache/catalina/connector/Request;Lorg/apache/catalina/connector/Response;)V (71 bytes) @ 0x0000000010ab57a4 [0x0000000010ab5660+0x144]
j  org.apache.catalina.core.StandardEngineValve.invoke(Lorg/apache/catalina/connector/Request;Lorg/apache/catalina/connector/Response;)V+42
J 8943 C1 org.apache.catalina.connector.CoyoteAdapter.service(Lorg/apache/coyote/Request;Lorg/apache/coyote/Response;)V (444 bytes) @ 0x0000000010a8fbfc [0x0000000010a8e120+0x1adc]
j  org.apache.coyote.http11.Http11Processor.process(Ljava/net/Socket;)V+468
j  org.apache.coyote.http11.Http11Protocol$Http11ConnectionHandler.process(Ljava/net/Socket;)Z+82
j  org.apache.tomcat.util.net.JIoEndpoint$Worker.run()V+41
j  java.lang.Thread.run()V+11
v  ~StubRoutines::call_stub

---------------  P R O C E S S  ---------------

Java Threads: ( => current thread )
  0x000000000abd7000 JavaThread "http-8080-4" daemon [_thread_blocked, id=8216, stack(0x0000000021330000,0x0000000021430000)]
  0x000000000abd5800 JavaThread "http-8080-3" daemon [_thread_blocked, id=9040, stack(0x0000000021230000,0x0000000021330000)]
=>0x000000000cd8c000 JavaThread "http-8080-2" daemon [_thread_in_native, id=10148, stack(0x0000000020c10000,0x0000000020d10000)]
  0x000000000c349000 JavaThread "http-8080-1" daemon [_thread_blocked, id=9088, stack(0x0000000020b10000,0x0000000020c10000)]
  0x000000000c666000 JavaThread "http-8080-Acceptor-0" daemon [_thread_in_native, id=9640, stack(0x0000000020550000,0x0000000020650000)]
  0x000000000c53e800 JavaThread "ContainerBackgroundProcessor[StandardEngine[localEngine]]" daemon [_thread_blocked, id=7316, stack(0x0000000020030000,0x0000000020130000)]
  0x000000000df94000 JavaThread "Abandoned connection cleanup thread" daemon [_thread_blocked, id=9616, stack(0x000000001eb60000,0x000000001ec60000)]
  0x000000000c521000 JavaThread "com.mchange.v2.async.ThreadPoolAsynchronousRunner$PoolThread-#2" daemon [_thread_blocked, id=2020, stack(0x000000001ea60000,0x000000001eb60000)]
  0x000000000c520800 JavaThread "com.mchange.v2.async.ThreadPoolAsynchronousRunner$PoolThread-#1" daemon [_thread_blocked, id=5488, stack(0x000000001e960000,0x000000001ea60000)]
  0x000000000c534800 JavaThread "com.mchange.v2.async.ThreadPoolAsynchronousRunner$PoolThread-#0" daemon [_thread_blocked, id=8628, stack(0x000000001e010000,0x000000001e110000)]
  0x000000000dfc5800 JavaThread "Timer-0" daemon [_thread_blocked, id=4256, stack(0x000000000c170000,0x000000000c270000)]
  0x000000000879d800 JavaThread "Service Thread" daemon [_thread_blocked, id=6232, stack(0x000000000a3a0000,0x000000000a4a0000)]
  0x0000000008767000 JavaThread "C1 CompilerThread2" daemon [_thread_blocked, id=3036, stack(0x000000000a2a0000,0x000000000a3a0000)]
  0x0000000008760000 JavaThread "C2 CompilerThread1" daemon [_thread_blocked, id=4260, stack(0x000000000a1a0000,0x000000000a2a0000)]
  0x000000000875d000 JavaThread "C2 CompilerThread0" daemon [_thread_blocked, id=3512, stack(0x000000000a0a0000,0x000000000a1a0000)]
  0x0000000009ae2800 JavaThread "Attach Listener" daemon [_thread_blocked, id=3280, stack(0x0000000009fa0000,0x000000000a0a0000)]
  0x0000000008753000 JavaThread "Signal Dispatcher" daemon [_thread_blocked, id=4468, stack(0x0000000009ea0000,0x0000000009fa0000)]
  0x0000000002c03000 JavaThread "Finalizer" daemon [_thread_blocked, id=4288, stack(0x00000000099a0000,0x0000000009aa0000)]
  0x0000000002bf8800 JavaThread "Reference Handler" daemon [_thread_blocked, id=6864, stack(0x00000000098a0000,0x00000000099a0000)]
  0x0000000002b10800 JavaThread "main" [_thread_blocked, id=4600, stack(0x0000000002a10000,0x0000000002b10000)]

Other Threads:
  0x0000000008705800 VMThread [stack: 0x00000000097a0000,0x00000000098a0000] [id=8016]
  0x000000000879e800 WatcherThread [stack: 0x000000000a4a0000,0x000000000a5a0000] [id=7464]

VM state:not at safepoint (normal execution)

VM Mutex/Monitor currently owned by a thread: None

Heap:
 PSYoungGen      total 14336K, used 8637K [0x00000000d5f00000, 0x00000000d7180000, 0x0000000100000000)
  eden space 13824K, 59% used [0x00000000d5f00000,0x00000000d6717508,0x00000000d6c80000)
  from space 512K, 68% used [0x00000000d7100000,0x00000000d7158000,0x00000000d7180000)
  to   space 512K, 0% used [0x00000000d7080000,0x00000000d7080000,0x00000000d7100000)
 ParOldGen       total 45568K, used 42264K [0x0000000081c00000, 0x0000000084880000, 0x00000000d5f00000)
  object space 45568K, 92% used [0x0000000081c00000,0x0000000084546288,0x0000000084880000)
 Metaspace       used 58147K, capacity 58992K, committed 59336K, reserved 1101824K
  class space    used 6813K, capacity 7046K, committed 7168K, reserved 1048576K

Card table byte_map: [0x0000000002fd0000,0x00000000033d0000] byte_map_base: 0x0000000002bc2000

Marking Bits: (ParMarkBitMap*) 0x0000000065b412b0
 Begin Bits: [0x0000000003a80000, 0x0000000005a10000)
 End Bits:   [0x0000000005a10000, 0x00000000079a0000)

Polling page: 0x0000000000a00000

CodeCache: size=245760Kb used=31076Kb max_used=31076Kb free=214683Kb
 bounds [0x000000000f010000, 0x0000000010e90000, 0x000000001e010000]
 total_blobs=8795 nmethods=8206 adapters=501
 compilation: enabled

Compilation events (10 events):
Event: 1378.712 Thread 0x0000000008767000 9646       3       ognl.OgnlRuntime::indexMethodCheck (153 bytes)
Event: 1378.713 Thread 0x0000000008767000 nmethod 9646 0x0000000010e7ff10 code [0x0000000010e80120, 0x0000000010e80c38]
Event: 1378.727 Thread 0x0000000008760000 9647   !   4       ognl.OgnlRuntime::getHandler (196 bytes)
Event: 1378.739 Thread 0x0000000008760000 nmethod 9647 0x0000000010e853d0 code [0x0000000010e85580, 0x0000000010e85cb0]
Event: 1378.756 Thread 0x0000000008767000 9648   !   3       java.util.concurrent.ConcurrentHashMap::putVal (362 bytes)
Event: 1378.759 Thread 0x0000000008767000 nmethod 9648 0x0000000010e88110 code [0x0000000010e883c0, 0x0000000010e89c78]
Event: 1378.795 Thread 0x0000000008767000 9649   !   3       java.util.ResourceBundle::findBundle (334 bytes)
Event: 1378.795 Thread 0x000000000875d000 9650       4       java.util.ResourceBundle$CacheKey::setLocale (22 bytes)
Event: 1378.798 Thread 0x000000000875d000 nmethod 9650 0x0000000010e862d0 code [0x0000000010e86420, 0x0000000010e865a8]
Event: 1378.798 Thread 0x0000000008767000 nmethod 9649 0x0000000010e8a810 code [0x0000000010e8abc0, 0x0000000010e8cb58]

GC Heap History (10 events):
Event: 1374.989 GC heap before
{Heap before GC invocations=345 (full 3):
 PSYoungGen      total 13312K, used 13056K [0x00000000d5f00000, 0x00000000d7180000, 0x0000000100000000)
  eden space 12800K, 100% used [0x00000000d5f00000,0x00000000d6b80000,0x00000000d6b80000)
  from space 512K, 50% used [0x00000000d7080000,0x00000000d70c0000,0x00000000d7100000)
  to   space 512K, 0% used [0x00000000d7100000,0x00000000d7100000,0x00000000d7180000)
 ParOldGen       total 45568K, used 42115K [0x0000000081c00000, 0x0000000084880000, 0x00000000d5f00000)
  object space 45568K, 92% used [0x0000000081c00000,0x0000000084520d98,0x0000000084880000)
 Metaspace       used 58126K, capacity 58982K, committed 59336K, reserved 1101824K
  class space    used 6810K, capacity 7044K, committed 7168K, reserved 1048576K
Event: 1374.991 GC heap after
Heap after GC invocations=345 (full 3):
 PSYoungGen      total 13312K, used 128K [0x00000000d5f00000, 0x00000000d7180000, 0x0000000100000000)
  eden space 12800K, 0% used [0x00000000d5f00000,0x00000000d5f00000,0x00000000d6b80000)
  from space 512K, 25% used [0x00000000d7100000,0x00000000d7120000,0x00000000d7180000)
  to   space 512K, 0% used [0x00000000d7080000,0x00000000d7080000,0x00000000d7100000)
 ParOldGen       total 45568K, used 42240K [0x0000000081c00000, 0x0000000084880000, 0x00000000d5f00000)
  object space 45568K, 92% used [0x0000000081c00000,0x0000000084540288,0x0000000084880000)
 Metaspace       used 58126K, capacity 58982K, committed 59336K, reserved 1101824K
  class space    used 6810K, capacity 7044K, committed 7168K, reserved 1048576K
}
Event: 1377.984 GC heap before
{Heap before GC invocations=346 (full 3):
 PSYoungGen      total 13312K, used 12928K [0x00000000d5f00000, 0x00000000d7180000, 0x0000000100000000)
  eden space 12800K, 100% used [0x00000000d5f00000,0x00000000d6b80000,0x00000000d6b80000)
  from space 512K, 25% used [0x00000000d7100000,0x00000000d7120000,0x00000000d7180000)
  to   space 512K, 0% used [0x00000000d7080000,0x00000000d7080000,0x00000000d7100000)
 ParOldGen       total 45568K, used 42240K [0x0000000081c00000, 0x0000000084880000, 0x00000000d5f00000)
  object space 45568K, 92% used [0x0000000081c00000,0x0000000084540288,0x0000000084880000)
 Metaspace       used 58126K, capacity 58982K, committed 59336K, reserved 1101824K
  class space    used 6810K, capacity 7044K, committed 7168K, reserved 1048576K
Event: 1377.986 GC heap after
Heap after GC invocations=346 (full 3):
 PSYoungGen      total 13312K, used 128K [0x00000000d5f00000, 0x00000000d7180000, 0x0000000100000000)
  eden space 12800K, 0% used [0x00000000d5f00000,0x00000000d5f00000,0x00000000d6b80000)
  from space 512K, 25% used [0x00000000d7080000,0x00000000d70a0000,0x00000000d7100000)
  to   space 512K, 0% used [0x00000000d7100000,0x00000000d7100000,0x00000000d7180000)
 ParOldGen       total 45568K, used 42248K [0x0000000081c00000, 0x0000000084880000, 0x00000000d5f00000)
  object space 45568K, 92% used [0x0000000081c00000,0x0000000084542288,0x0000000084880000)
 Metaspace       used 58126K, capacity 58982K, committed 59336K, reserved 1101824K
  class space    used 6810K, capacity 7044K, committed 7168K, reserved 1048576K
}
Event: 1378.656 GC heap before
{Heap before GC invocations=347 (full 3):
 PSYoungGen      total 13312K, used 12928K [0x00000000d5f00000, 0x00000000d7180000, 0x0000000100000000)
  eden space 12800K, 100% used [0x00000000d5f00000,0x00000000d6b80000,0x00000000d6b80000)
  from space 512K, 25% used [0x00000000d7080000,0x00000000d70a0000,0x00000000d7100000)
  to   space 512K, 0% used [0x00000000d7100000,0x00000000d7100000,0x00000000d7180000)
 ParOldGen       total 45568K, used 42248K [0x0000000081c00000, 0x0000000084880000, 0x00000000d5f00000)
  object space 45568K, 92% used [0x0000000081c00000,0x0000000084542288,0x0000000084880000)
 Metaspace       used 58137K, capacity 58992K, committed 59336K, reserved 1101824K
  class space    used 6811K, capacity 7046K, committed 7168K, reserved 1048576K
Event: 1378.659 GC heap after
Heap after GC invocations=347 (full 3):
 PSYoungGen      total 13312K, used 224K [0x00000000d5f00000, 0x00000000d7180000, 0x0000000100000000)
  eden space 12800K, 0% used [0x00000000d5f00000,0x00000000d5f00000,0x00000000d6b80000)
  from space 512K, 43% used [0x00000000d7100000,0x00000000d7138000,0x00000000d7180000)
  to   space 512K, 0% used [0x00000000d7080000,0x00000000d7080000,0x00000000d7100000)
 ParOldGen       total 45568K, used 42264K [0x0000000081c00000, 0x0000000084880000, 0x00000000d5f00000)
  object space 45568K, 92% used [0x0000000081c00000,0x0000000084546288,0x0000000084880000)
 Metaspace       used 58137K, capacity 58992K, committed 59336K, reserved 1101824K
  class space    used 6811K, capacity 7046K, committed 7168K, reserved 1048576K
}
Event: 1378.772 GC heap before
{Heap before GC invocations=348 (full 3):
 PSYoungGen      total 13312K, used 13024K [0x00000000d5f00000, 0x00000000d7180000, 0x0000000100000000)
  eden space 12800K, 100% used [0x00000000d5f00000,0x00000000d6b80000,0x00000000d6b80000)
  from space 512K, 43% used [0x00000000d7100000,0x00000000d7138000,0x00000000d7180000)
  to   space 512K, 0% used [0x00000000d7080000,0x00000000d7080000,0x00000000d7100000)
 ParOldGen       total 45568K, used 42264K [0x0000000081c00000, 0x0000000084880000, 0x00000000d5f00000)
  object space 45568K, 92% used [0x0000000081c00000,0x0000000084546288,0x0000000084880000)
 Metaspace       used 58146K, capacity 58992K, committed 59336K, reserved 1101824K
  class space    used 6812K, capacity 7046K, committed 7168K, reserved 1048576K
Event: 1378.774 GC heap after
Heap after GC invocations=348 (full 3):
 PSYoungGen      total 13312K, used 352K [0x00000000d5f00000, 0x00000000d7180000, 0x0000000100000000)
  eden space 12800K, 0% used [0x00000000d5f00000,0x00000000d5f00000,0x00000000d6b80000)
  from space 512K, 68% used [0x00000000d7080000,0x00000000d70d8000,0x00000000d7100000)
  to   space 512K, 0% used [0x00000000d7100000,0x00000000d7100000,0x00000000d7180000)
 ParOldGen       total 45568K, used 42264K [0x0000000081c00000, 0x0000000084880000, 0x00000000d5f00000)
  object space 45568K, 92% used [0x0000000081c00000,0x0000000084546288,0x0000000084880000)
 Metaspace       used 58146K, capacity 58992K, committed 59336K, reserved 1101824K
  class space    used 6812K, capacity 7046K, committed 7168K, reserved 1048576K
}
Event: 1378.815 GC heap before
{Heap before GC invocations=349 (full 3):
 PSYoungGen      total 13312K, used 13152K [0x00000000d5f00000, 0x00000000d7180000, 0x0000000100000000)
  eden space 12800K, 100% used [0x00000000d5f00000,0x00000000d6b80000,0x00000000d6b80000)
  from space 512K, 68% used [0x00000000d7080000,0x00000000d70d8000,0x00000000d7100000)
  to   space 512K, 0% used [0x00000000d7100000,0x00000000d7100000,0x00000000d7180000)
 ParOldGen       total 45568K, used 42264K [0x0000000081c00000, 0x0000000084880000, 0x00000000d5f00000)
  object space 45568K, 92% used [0x0000000081c00000,0x0000000084546288,0x0000000084880000)
 Metaspace       used 58146K, capacity 58992K, committed 59336K, reserved 1101824K
  class space    used 6812K, capacity 7046K, committed 7168K, reserved 1048576K
Event: 1378.818 GC heap after
Heap after GC invocations=349 (full 3):
 PSYoungGen      total 14336K, used 352K [0x00000000d5f00000, 0x00000000d7180000, 0x0000000100000000)
  eden space 13824K, 0% used [0x00000000d5f00000,0x00000000d5f00000,0x00000000d6c80000)
  from space 512K, 68% used [0x00000000d7100000,0x00000000d7158000,0x00000000d7180000)
  to   space 512K, 0% used [0x00000000d7080000,0x00000000d7080000,0x00000000d7100000)
 ParOldGen       total 45568K, used 42264K [0x0000000081c00000, 0x0000000084880000, 0x00000000d5f00000)
  object space 45568K, 92% used [0x0000000081c00000,0x0000000084546288,0x0000000084880000)
 Metaspace       used 58146K, capacity 58992K, committed 59336K, reserved 1101824K
  class space    used 6812K, capacity 7046K, committed 7168K, reserved 1048576K
}

Deoptimization events (10 events):
Event: 1378.718 Thread 0x000000000cd8c000 Uncommon trap: reason=bimorphic action=maybe_recompile pc=0x0000000010b92df8 method=java.util.AbstractCollection.toString()Ljava/lang/String; @ 1
Event: 1378.719 Thread 0x000000000cd8c000 Uncommon trap: reason=bimorphic action=maybe_recompile pc=0x0000000010b92df8 method=java.util.AbstractCollection.toString()Ljava/lang/String; @ 1
Event: 1378.745 Thread 0x000000000cd8c000 Uncommon trap: reason=bimorphic action=maybe_recompile pc=0x00000000101bf3e8 method=java.util.concurrent.ConcurrentHashMap.putVal(Ljava/lang/Object;Ljava/lang/Object;Z)Ljava/lang/Object; @ 192
Event: 1378.745 Thread 0x000000000cd8c000 Uncommon trap: reason=unreached action=reinterpret pc=0x0000000010379b88 method=java.util.ResourceBundle.putBundleInCache(Ljava/util/ResourceBundle$CacheKey;Ljava/util/ResourceBundle;Ljava/util/ResourceBundle$Control;)Ljava/util/ResourceBundle; @ 61
Event: 1378.747 Thread 0x000000000cd8c000 Uncommon trap: reason=bimorphic action=maybe_recompile pc=0x00000000101bf3e8 method=java.util.concurrent.ConcurrentHashMap.putVal(Ljava/lang/Object;Ljava/lang/Object;Z)Ljava/lang/Object; @ 192
Event: 1378.747 Thread 0x000000000cd8c000 Uncommon trap: reason=unreached action=reinterpret pc=0x0000000010379b88 method=java.util.ResourceBundle.putBundleInCache(Ljava/util/ResourceBundle$CacheKey;Ljava/util/ResourceBundle;Ljava/util/ResourceBundle$Control;)Ljava/util/ResourceBundle; @ 61
Event: 1378.749 Thread 0x000000000cd8c000 Uncommon trap: reason=bimorphic action=maybe_recompile pc=0x00000000101bf3e8 method=java.util.concurrent.ConcurrentHashMap.putVal(Ljava/lang/Object;Ljava/lang/Object;Z)Ljava/lang/Object; @ 192
Event: 1378.803 Thread 0x000000000abd7000 Uncommon trap: reason=bimorphic action=maybe_recompile pc=0x0000000010b92df8 method=java.util.AbstractCollection.toString()Ljava/lang/String; @ 1
Event: 1378.803 Thread 0x000000000abd7000 Uncommon trap: reason=bimorphic action=maybe_recompile pc=0x0000000010b92df8 method=java.util.AbstractCollection.toString()Ljava/lang/String; @ 1
Event: 1378.804 Thread 0x000000000cd8c000 Uncommon trap: reason=unreached action=reinterpret pc=0x0000000010ba9b68 method=com.opensymphony.xwork2.validator.AnnotationActionValidatorManager.loadFile(Ljava/lang/String;Ljava/lang/Class;Z)Ljava/util/List; @ 40

Internal exceptions (10 events):
Event: 1378.836 Thread 0x000000000abd7000 Exception <a 'java/security/PrivilegedActionException'> (0x00000000d6208588) thrown at [C:\re\workspace\8-2-build-windows-amd64-cygwin\jdk8u11\648\hotspot\src\share\vm\prims\jvm.cpp, line 1248]
Event: 1378.836 Thread 0x000000000abd7000 Exception <a 'java/security/PrivilegedActionException'> (0x00000000d6208ff8) thrown at [C:\re\workspace\8-2-build-windows-amd64-cygwin\jdk8u11\648\hotspot\src\share\vm\prims\jvm.cpp, line 1248]
Event: 1378.836 Thread 0x000000000abd7000 Exception <a 'java/security/PrivilegedActionException'> (0x00000000d6209b98) thrown at [C:\re\workspace\8-2-build-windows-amd64-cygwin\jdk8u11\648\hotspot\src\share\vm\prims\jvm.cpp, line 1248]
Event: 1378.836 Thread 0x000000000abd7000 Exception <a 'java/security/PrivilegedActionException'> (0x00000000d6215e68) thrown at [C:\re\workspace\8-2-build-windows-amd64-cygwin\jdk8u11\648\hotspot\src\share\vm\prims\jvm.cpp, line 1248]
Event: 1378.836 Thread 0x000000000abd7000 Exception <a 'java/security/PrivilegedActionException'> (0x00000000d6216a30) thrown at [C:\re\workspace\8-2-build-windows-amd64-cygwin\jdk8u11\648\hotspot\src\share\vm\prims\jvm.cpp, line 1248]
Event: 1378.837 Thread 0x000000000abd7000 Exception <a 'java/security/PrivilegedActionException'> (0x00000000d621d450) thrown at [C:\re\workspace\8-2-build-windows-amd64-cygwin\jdk8u11\648\hotspot\src\share\vm\prims\jvm.cpp, line 1248]
Event: 1378.837 Thread 0x000000000abd7000 Exception <a 'java/security/PrivilegedActionException'> (0x00000000d62201b0) thrown at [C:\re\workspace\8-2-build-windows-amd64-cygwin\jdk8u11\648\hotspot\src\share\vm\prims\jvm.cpp, line 1248]
Event: 1378.837 Thread 0x000000000abd7000 Exception <a 'java/security/PrivilegedActionException'> (0x00000000d6222ad0) thrown at [C:\re\workspace\8-2-build-windows-amd64-cygwin\jdk8u11\648\hotspot\src\share\vm\prims\jvm.cpp, line 1248]
Event: 1378.837 Thread 0x000000000abd7000 Exception <a 'java/security/PrivilegedActionException'> (0x00000000d6223548) thrown at [C:\re\workspace\8-2-build-windows-amd64-cygwin\jdk8u11\648\hotspot\src\share\vm\prims\jvm.cpp, line 1248]
Event: 1378.837 Thread 0x000000000abd7000 Exception <a 'java/security/PrivilegedActionException'> (0x00000000d6224110) thrown at [C:\re\workspace\8-2-build-windows-amd64-cygwin\jdk8u11\648\hotspot\src\share\vm\prims\jvm.cpp, line 1248]

Events (10 events):
Event: 1378.832 loading class com/package_zh_Hans_CN
Event: 1378.832 loading class com/package_zh_Hans_CN done
Event: 1378.833 loading class com/package_zh_Hans_CN
Event: 1378.833 loading class com/package_zh_Hans_CN done
Event: 1378.833 loading class com/package_zh_Hans_CN
Event: 1378.833 loading class com/package_zh_Hans_CN done
Event: 1378.833 loading class com/package_zh_Hans_CN
Event: 1378.833 loading class com/package_zh_Hans_CN done
Event: 1378.847 Executing VM operation: RevokeBias
Event: 1378.847 Executing VM operation: RevokeBias done


Dynamic libraries:
0x00007ff70cdc0000 - 0x00007ff70cdf4000 	D:\java\jdk\bin\javaw.exe
0x00007ffa651a0000 - 0x00007ffa65371000 	C:\WINDOWS\SYSTEM32\ntdll.dll
0x00007ffa64390000 - 0x00007ffa6443b000 	C:\WINDOWS\System32\KERNEL32.DLL
0x00007ffa61910000 - 0x00007ffa61b2d000 	C:\WINDOWS\System32\KERNELBASE.dll
0x00007ffa64e60000 - 0x00007ffa64f02000 	C:\WINDOWS\System32\ADVAPI32.dll
0x00007ffa63ce0000 - 0x00007ffa63d7e000 	C:\WINDOWS\System32\msvcrt.dll
0x00007ffa649d0000 - 0x00007ffa64a29000 	C:\WINDOWS\System32\sechost.dll
0x00007ffa646a0000 - 0x00007ffa647c1000 	C:\WINDOWS\System32\RPCRT4.dll
0x00007ffa64440000 - 0x00007ffa645a5000 	C:\WINDOWS\System32\USER32.dll
0x00007ffa625c0000 - 0x00007ffa625de000 	C:\WINDOWS\System32\win32u.dll
0x00007ffa63ca0000 - 0x00007ffa63cd4000 	C:\WINDOWS\System32\GDI32.dll
0x00007ffa623c0000 - 0x00007ffa62542000 	C:\WINDOWS\System32\gdi32full.dll
0x00007ffa5c900000 - 0x00007ffa5cb79000 	C:\WINDOWS\WinSxS\amd64_microsoft.windows.common-controls_6595b64144ccf1df_6.0.14393.447_none_42191651c6827bb3\COMCTL32.dll
0x00007ffa64b90000 - 0x00007ffa64e58000 	C:\WINDOWS\System32\combase.dll
0x00007ffa61b30000 - 0x00007ffa61c25000 	C:\WINDOWS\System32\ucrtbase.dll
0x00007ffa62550000 - 0x00007ffa625ba000 	C:\WINDOWS\System32\bcryptPrimitives.dll
0x00007ffa64670000 - 0x00007ffa6469e000 	C:\WINDOWS\System32\IMM32.DLL
0x00007ffa61500000 - 0x00007ffa61531000 	C:\WINDOWS\system32\nvinitx.dll
0x00007ffa614f0000 - 0x00007ffa614fa000 	C:\WINDOWS\SYSTEM32\VERSION.dll
0x000000000f000000 - 0x000000000f006000 	C:\Program Files\NVIDIA Corporation\CoProcManager\_etoured.dll
0x00007ffa5d670000 - 0x00007ffa5d6a2000 	C:\Program Files\NVIDIA Corporation\CoProcManager\nvd3d9wrapx.dll
0x00007ffa63f50000 - 0x00007ffa64379000 	C:\WINDOWS\System32\SETUPAPI.dll
0x00007ffa61860000 - 0x00007ffa618a2000 	C:\WINDOWS\System32\cfgmgr32.dll
0x00007ffa5d4f0000 - 0x00007ffa5d512000 	C:\Program Files\NVIDIA Corporation\CoProcManager\nvdxgiwrapx.dll
0x0000000066440000 - 0x0000000066512000 	D:\java\jdk\jre\bin\msvcr100.dll
0x0000000065390000 - 0x0000000065bba000 	D:\java\jdk\jre\bin\server\jvm.dll
0x00007ffa64380000 - 0x00007ffa64388000 	C:\WINDOWS\System32\PSAPI.DLL
0x00007ffa5f0f0000 - 0x00007ffa5f0f9000 	C:\WINDOWS\SYSTEM32\WSOCK32.dll
0x00007ffa5f3c0000 - 0x00007ffa5f3e3000 	C:\WINDOWS\SYSTEM32\WINMM.dll
0x00007ffa65050000 - 0x00007ffa650ba000 	C:\WINDOWS\System32\WS2_32.dll
0x00007ffa5f390000 - 0x00007ffa5f3bb000 	C:\WINDOWS\SYSTEM32\WINMMBASE.dll
0x0000000066830000 - 0x000000006683f000 	D:\java\jdk\jre\bin\verify.dll
0x0000000066800000 - 0x0000000066828000 	D:\java\jdk\jre\bin\java.dll
0x00000000667e0000 - 0x00000000667f6000 	D:\java\jdk\jre\bin\zip.dll
0x00007ffa62790000 - 0x00007ffa63c99000 	C:\WINDOWS\System32\SHELL32.dll
0x00007ffa61c30000 - 0x00007ffa6230a000 	C:\WINDOWS\System32\windows.storage.dll
0x00007ffa61640000 - 0x00007ffa6168c000 	C:\WINDOWS\System32\powrprof.dll
0x00007ffa64970000 - 0x00007ffa649c2000 	C:\WINDOWS\System32\shlwapi.dll
0x00007ffa61630000 - 0x00007ffa6163f000 	C:\WINDOWS\System32\kernel.appcore.dll
0x00007ffa625e0000 - 0x00007ffa62689000 	C:\WINDOWS\System32\shcore.dll
0x00007ffa61600000 - 0x00007ffa61614000 	C:\WINDOWS\System32\profapi.dll
0x00000000667c0000 - 0x00000000667da000 	D:\java\jdk\jre\bin\net.dll
0x00007ffa60e50000 - 0x00007ffa60eac000 	C:\WINDOWS\system32\mswsock.dll
0x00000000667a0000 - 0x00000000667b1000 	D:\java\jdk\jre\bin\nio.dll
0x0000000066790000 - 0x000000006679d000 	D:\java\jdk\jre\bin\management.dll
0x00007ffa4f500000 - 0x00007ffa4f516000 	C:\WINDOWS\system32\napinsp.dll
0x00007ffa4f4e0000 - 0x00007ffa4f4fa000 	C:\WINDOWS\system32\pnrpnsp.dll
0x00007ffa5f7a0000 - 0x00007ffa5f7b8000 	C:\WINDOWS\system32\NLAapi.dll
0x00007ffa60c20000 - 0x00007ffa60cc0000 	C:\WINDOWS\SYSTEM32\DNSAPI.dll
0x00007ffa64660000 - 0x00007ffa64668000 	C:\WINDOWS\System32\NSI.dll
0x00007ffa60be0000 - 0x00007ffa60c18000 	C:\WINDOWS\SYSTEM32\IPHLPAPI.DLL
0x00007ffa51500000 - 0x00007ffa5150e000 	C:\WINDOWS\System32\winrnr.dll
0x00007ffa57310000 - 0x00007ffa5731a000 	C:\Windows\System32\rasadhlp.dll
0x00007ffa58750000 - 0x00007ffa587ba000 	C:\WINDOWS\System32\fwpuclnt.dll
0x00007ffa61550000 - 0x00007ffa6157b000 	C:\WINDOWS\SYSTEM32\bcrypt.dll
0x00007ffa61000000 - 0x00007ffa61017000 	C:\WINDOWS\SYSTEM32\CRYPTSP.dll
0x00007ffa60a60000 - 0x00007ffa60a93000 	C:\WINDOWS\system32\rsaenh.dll
0x00007ffa60ce0000 - 0x00007ffa60cff000 	C:\WINDOWS\SYSTEM32\USERENV.dll
0x00007ffa60ff0000 - 0x00007ffa60ffb000 	C:\WINDOWS\SYSTEM32\CRYPTBASE.dll
0x00007ffa5c310000 - 0x00007ffa5c326000 	C:\WINDOWS\SYSTEM32\dhcpcsvc6.DLL
0x00007ffa5d0a0000 - 0x00007ffa5d0ba000 	C:\WINDOWS\SYSTEM32\dhcpcsvc.DLL
0x00000000651f0000 - 0x0000000065386000 	D:\java\jdk\jre\bin\awt.dll
0x00007ffa650c0000 - 0x00007ffa6517f000 	C:\WINDOWS\System32\OLEAUT32.dll
0x00007ffa62690000 - 0x00007ffa6272c000 	C:\WINDOWS\System32\msvcp_win.dll
0x00007ffa5fb30000 - 0x00007ffa5fbaa000 	C:\WINDOWS\SYSTEM32\apphelp.dll
0x0000000180000000 - 0x0000000180038000 	C:\Users\卢保\AppData\Local\Temp\jna\jna8807685733988350196.dll
0x00007ffa547e0000 - 0x00007ffa5480c000 	D:\工作\工作软件\SDK_x64\dcpushSDK.DLL
0x00007ffa50930000 - 0x00007ffa50ab0000 	D:\工作\工作软件\SDK_x64\dcpushBasis.dll
0x00007ffa48950000 - 0x00007ffa48b58000 	D:\工作\工作软件\SDK_x64\dcpushStore.dll
0x00007ffa52c20000 - 0x00007ffa52c52000 	D:\工作\工作软件\SDK_x64\dcpushHIS.dll
0x00007ffa4e520000 - 0x00007ffa4e60f000 	C:\WINDOWS\SYSTEM32\MSVCR120.dll
0x00007ffa52560000 - 0x00007ffa526f2000 	C:\WINDOWS\SYSTEM32\dbghelp.dll

VM Arguments:
jvm_args: -Dmaven.home=EMBEDDED -Dclassworlds.conf=F:\webworkplace\web\heear\.metadata\.plugins\org.eclipse.m2e.launching\launches\m2conf2175776389739255223.tmp -Dfile.encoding=GBK 
java_command: org.codehaus.plexus.classworlds.launcher.Launcher -B tomcat:run
java_class_path (initial): /F:/javaweb/eclipse/plugins/org.eclipse.m2e.maven.runtime_1.5.1.20150109-1819/jars/plexus-classworlds-2.5.1.jar
Launcher Type: SUN_STANDARD

Environment Variables:
JAVA_HOME=D:\java\jdk\
CLASSPATH=D:\java\jdk\\lib\dt.jar;D:\java\jdk\\lib\tools.jar
PATH=D:/java/jdk//bin/../jre/bin/server;D:/java/jdk//bin/../jre/bin;D:/java/jdk//bin/../jre/lib/amd64;D:\Android\tomcat\apache-tomcat-8.0.36\lib;D:\java\jdk\\bin;C:\WINDOWS\system32;C:\WINDOWS;C:\WINDOWS\System32\Wbem;C:\WINDOWS\System32\WindowsPowerShell\v1.0\;F:\本地磁盘\OpenVPN\bin;D:\;ndroid开发\120\DTS\Binn\;D;\android开发\Client SDK\ODBC\110\Tools\Binn\;F;\1\120\Tools\Binn\;D:\android开发\120\Tools\Binn\;F;\1\120\Tools\Binn\ManagementStudio\;F:\1\120\DTS\Binn\;D:\迅雷下载\Git\cmd;D:\;ndroid\tomcat\apache-ant-1.9.7\bin;D:\android开发\120\DTS\Binn\;D;\android开发\Client SDK\ODBC\110\Tools\Binn\;F;\1\120\Tools\Binn\ManagementStudio\;F:\1\120\Tools\Binn\;D:\Android\maven\apache-maven-3.3.9-bin\apache-maven-3.3.9\bin\;C:\Users\卢保\.android\avd;D:\phpinstall\wamp\bin\php\php5.4.12;D:\phpinstall\wamp\bin\php\php5.4.12\ext;D:\jar包整理\ant\apache-ant-1.10.1/bin;D:\ajavaWeb\mysql\mysql-5.6.36-winx64\bin;D:\java\jdk\\jre\bin;D:\Android\tomcat\apache-tomcat-8.0.36\bin;D:\ajavaWeb\svn\bin;D:\ajavaWeb\svn\kehuduan\bin;C:\Users\卢保\AppData\Local\Microsoft\WindowsApps;F:\javaweb\eclipse;
USERNAME=卢保
OS=Windows_NT
PROCESSOR_IDENTIFIER=Intel64 Family 6 Model 58 Stepping 9, GenuineIntel



---------------  S Y S T E M  ---------------

OS: Windows 8.1 , 64 bit Build 9600 

CPU:total 4 (2 cores per cpu, 2 threads per core) family 6 model 58 stepping 9, cmov, cx8, fxsr, mmx, sse, sse2, sse3, ssse3, sse4.1, sse4.2, popcnt, avx, clmul, erms, ht, tsc, tscinvbit

Memory: 4k page, physical 8272788k(4703248k free), swap 10304404k(6399316k free)

vm_info: Java HotSpot(TM) 64-Bit Server VM (25.11-b03) for windows-amd64 JRE (1.8.0_11-b12), built on Jun 16 2014 20:57:32 by "java_re" with MS VC++ 10.0 (VS2010)

time: Sat Aug 05 18:43:40 2017
elapsed time: 1378 seconds

