#
# A fatal error has been detected by the Java Runtime Environment:
#
#  EXCEPTION_ACCESS_VIOLATION (0xc0000005) at pc=0x0000000180016c41, pid=12636, tid=5964
#
# JRE version: Java(TM) SE Runtime Environment (8.0_77-b03) (build 1.8.0_77-b03)
# Java VM: Java HotSpot(TM) 64-Bit Server VM (25.77-b03 mixed mode windows-amd64 compressed oops)
# Problematic frame:
# C  [jna1753231448280682016.dll+0x16c41]
#
# Failed to write core dump. Minidumps are not enabled by default on client versions of Windows
#
# If you would like to submit a bug report, please visit:
#   http://bugreport.java.com/bugreport/crash.jsp
# The crash happened outside the Java Virtual Machine in native code.
# See problematic frame for where to report the bug.
#

---------------  T H R E A D  ---------------

Current thread (0x0000000000a0d800):  JavaThread "main" [_thread_in_native, id=5964, stack(0x0000000000a10000,0x0000000000b10000)]

siginfo: ExceptionCode=0xc0000005, reading address 0xffffffffffffffff

Registers:
RAX=0x0000ffff00001fa0, RBX=0x0000000019200420, RCX=0xffff0000ffffe060, RDX=0x0000ffff00001fa0
RSP=0x0000000000b0e838, RBP=0x0000000000b0e870, RSI=0x0000000000000001, RDI=0x00000007807891b0
R8 =0x7efefefefefefeff, R9 =0x0000000000000000, R10=0x00000000026b5e08, R11=0x8101010101010100
R12=0x0000000000000000, R13=0x0000000019200420, R14=0x0000000000b0e9a0, R15=0x0000000000a0d800
RIP=0x0000000180016c41, EFLAGS=0x0000000000010246

Top of Stack: (sp=0x0000000000b0e838)
0x0000000000b0e838:   00000001800040d5 0000000000000087
0x0000000000b0e848:   00000000026e621e 0000000000a0d800
0x0000000000b0e858:   0000000000b0eb00 0000000018ef1360
0x0000000000b0e868:   0000000000b0e9f0 0000000000000000
0x0000000000b0e878:   0000000000000000 0000000000000000
0x0000000000b0e888:   0000ffff00001fa0 0000000000000000
0x0000000000b0e898:   0000000000000000 0000000000000000
0x0000000000b0e8a8:   000075c87fda8afa 0000000000b0e970
0x0000000000b0e8b8:   00000001800035ed 0000000000a0d9f8
0x0000000000b0e8c8:   0000ffff00001fa0 0000000000000000
0x0000000000b0e8d8:   0000000000000000 00000007807d4b38
0x0000000000b0e8e8:   00000000026b5e34 0000000000a0d9f8
0x0000000000b0e8f8:   0000000000b0e980 0000ffff00001fa0
0x0000000000b0e908:   0000000780789100 0000ffff00001fa0
0x0000000000b0e918:   0000000000000000 0000000000b0e988
0x0000000000b0e928:   00000000026a7a70 0000000000b0e930 

Instructions: (pc=0x0000000180016c41)
0x0000000180016c21:   10 48 ff c0 84 d2 74 5f a8 07 75 f3 49 b8 ff fe
0x0000000180016c31:   fe fe fe fe fe 7e 49 bb 00 01 01 01 01 01 01 81
0x0000000180016c41:   48 8b 10 4d 8b c8 48 83 c0 08 4c 03 ca 48 f7 d2
0x0000000180016c51:   49 33 d1 49 23 d3 74 e8 48 8b 50 f8 84 d2 74 51 


Register to memory mapping:

RAX=0x0000ffff00001fa0 is an unknown value
RBX={method} {0x0000000019200428} 'getString' '(JZ)Ljava/lang/String;' in 'com/sun/jna/Native'
RCX=0xffff0000ffffe060 is an unknown value
RDX=0x0000ffff00001fa0 is an unknown value
RSP=0x0000000000b0e838 is pointing into the stack for thread: 0x0000000000a0d800
RBP=0x0000000000b0e870 is pointing into the stack for thread: 0x0000000000a0d800
RSI=0x0000000000000001 is an unknown value
RDI=0x00000007807891b0 is an oop
java.util.Properties 
 - klass: 'java/util/Properties'
R8 =0x7efefefefefefeff is an unknown value
R9 =0x0000000000000000 is an unknown value
R10=0x00000000026b5e08 is at code_begin+840 in an Interpreter codelet
method entry point (kind = native)  [0x00000000026b5ac0, 0x00000000026b6420]  2400 bytes
R11=0x8101010101010100 is an unknown value
R12=0x0000000000000000 is an unknown value
R13={method} {0x0000000019200428} 'getString' '(JZ)Ljava/lang/String;' in 'com/sun/jna/Native'
R14=0x0000000000b0e9a0 is pointing into the stack for thread: 0x0000000000a0d800
R15=0x0000000000a0d800 is a thread


Stack: [0x0000000000a10000,0x0000000000b10000],  sp=0x0000000000b0e838,  free space=1018k
Native frames: (J=compiled Java code, j=interpreted, Vv=VM code, C=native code)
C  [jna1753231448280682016.dll+0x16c41]

Java frames: (J=compiled Java code, j=interpreted, Vv=VM code)
j  com.sun.jna.Native.getString(JZ)Ljava/lang/String;+0
j  com.sun.jna.Pointer.getString(JZ)Ljava/lang/String;+7
j  com.sun.jna.Pointer.getString(J)Ljava/lang/String;+90
j  com.sun.jna.Pointer.getValue(JLjava/lang/Class;Ljava/lang/Object;)Ljava/lang/Object;+630
j  com.sun.jna.Structure.readField(Lcom/sun/jna/Structure$StructField;)Ljava/lang/Object;+196
j  com.sun.jna.Structure.read()V+82
j  com.sun.jna.Structure.autoRead()V+8
j  com.sun.jna.Function.invoke([Ljava/lang/Object;Ljava/lang/Class;Z)Ljava/lang/Object;+766
j  com.sun.jna.Function.invoke(Ljava/lang/Class;[Ljava/lang/Object;Ljava/util/Map;)Ljava/lang/Object;+214
J 233 C1 com.sun.jna.Library$Handler.invoke(Ljava/lang/Object;Ljava/lang/reflect/Method;[Ljava/lang/Object;)Ljava/lang/Object; (345 bytes) @ 0x00000000028252ac [0x0000000002823080+0x222c]
J 235 C1 com.sun.proxy.$Proxy0.SEC_PUSH_PollEvent()Lcom/liusm/DeviceEvent; (29 bytes) @ 0x0000000002828b4c [0x0000000002828a60+0xec]
j  com.liusm.Main.main([Ljava/lang/String;)V+95
v  ~StubRoutines::call_stub
j  sun.reflect.NativeMethodAccessorImpl.invoke0(Ljava/lang/reflect/Method;Ljava/lang/Object;[Ljava/lang/Object;)Ljava/lang/Object;+0
j  sun.reflect.NativeMethodAccessorImpl.invoke(Ljava/lang/Object;[Ljava/lang/Object;)Ljava/lang/Object;+100
j  sun.reflect.DelegatingMethodAccessorImpl.invoke(Ljava/lang/Object;[Ljava/lang/Object;)Ljava/lang/Object;+6
j  java.lang.reflect.Method.invoke(Ljava/lang/Object;[Ljava/lang/Object;)Ljava/lang/Object;+56
j  com.intellij.rt.execution.application.AppMain.main([Ljava/lang/String;)V+180
v  ~StubRoutines::call_stub

---------------  P R O C E S S  ---------------

Java Threads: ( => current thread )
  0x000000001acae000 JavaThread "Monitor Ctrl-Break" daemon [_thread_in_native, id=10268, stack(0x000000001b6f0000,0x000000001b7f0000)]
  0x000000001abfc000 JavaThread "Service Thread" daemon [_thread_blocked, id=7696, stack(0x000000001b470000,0x000000001b570000)]
  0x000000001ab8d800 JavaThread "C1 CompilerThread2" daemon [_thread_blocked, id=9940, stack(0x000000001b370000,0x000000001b470000)]
  0x000000001ab7a000 JavaThread "C2 CompilerThread1" daemon [_thread_blocked, id=10804, stack(0x000000001b270000,0x000000001b370000)]
  0x00000000197eb800 JavaThread "C2 CompilerThread0" daemon [_thread_blocked, id=11584, stack(0x000000001b170000,0x000000001b270000)]
  0x000000001979e000 JavaThread "Attach Listener" daemon [_thread_blocked, id=11380, stack(0x000000001b070000,0x000000001b170000)]
  0x000000001ab78800 JavaThread "Signal Dispatcher" daemon [_thread_blocked, id=13220, stack(0x000000001af70000,0x000000001b070000)]
  0x0000000019778800 JavaThread "Finalizer" daemon [_thread_blocked, id=13188, stack(0x000000001aa10000,0x000000001ab10000)]
  0x0000000002693800 JavaThread "Reference Handler" daemon [_thread_blocked, id=8676, stack(0x000000001a910000,0x000000001aa10000)]
=>0x0000000000a0d800 JavaThread "main" [_thread_in_native, id=5964, stack(0x0000000000a10000,0x0000000000b10000)]

Other Threads:
  0x0000000019757000 VMThread [stack: 0x000000001a810000,0x000000001a910000] [id=4840]
  0x000000001ac5c800 WatcherThread [stack: 0x000000001b570000,0x000000001b670000] [id=10348]

VM state:not at safepoint (normal execution)

VM Mutex/Monitor currently owned by a thread: None

Heap:
 PSYoungGen      total 57344K, used 5923K [0x0000000780780000, 0x0000000784780000, 0x00000007c0000000)
  eden space 49152K, 12% used [0x0000000780780000,0x0000000780d48da0,0x0000000783780000)
  from space 8192K, 0% used [0x0000000783f80000,0x0000000783f80000,0x0000000784780000)
  to   space 8192K, 0% used [0x0000000783780000,0x0000000783780000,0x0000000783f80000)
 ParOldGen       total 131072K, used 0K [0x0000000701600000, 0x0000000709600000, 0x0000000780780000)
  object space 131072K, 0% used [0x0000000701600000,0x0000000701600000,0x0000000709600000)
 Metaspace       used 5117K, capacity 5232K, committed 5504K, reserved 1056768K
  class space    used 560K, capacity 592K, committed 640K, reserved 1048576K

Card table byte_map: [0x0000000011a60000,0x0000000012060000] byte_map_base: 0x000000000e255000

Marking Bits: (ParMarkBitMap*) 0x00000000557a0600
 Begin Bits: [0x0000000012860000, 0x0000000015808000)
 End Bits:   [0x0000000015808000, 0x00000000187b0000)

Polling page: 0x00000000001f0000

CodeCache: size=245760Kb used=1574Kb max_used=1574Kb free=244185Kb
 bounds [0x00000000026a0000, 0x0000000002910000, 0x00000000116a0000]
 total_blobs=530 nmethods=240 adapters=203
 compilation: enabled

Compilation events (10 events):
Event: 254.471 Thread 0x000000001ab8d800  233   !   3       com.sun.jna.Library$Handler::invoke (345 bytes)
Event: 254.479 Thread 0x000000001ab8d800 nmethod 233 0x0000000002822c10 code [0x0000000002823080, 0x0000000002825e08]
Event: 254.479 Thread 0x000000001ab8d800  234       3       java.util.WeakHashMap::get (77 bytes)
Event: 254.481 Thread 0x000000001ab8d800 nmethod 234 0x0000000002827710 code [0x00000000028278e0, 0x0000000002828188]
Event: 255.471 Thread 0x000000001ab8d800  235   !   3       com.sun.proxy.$Proxy0::SEC_PUSH_PollEvent (29 bytes)
Event: 255.472 Thread 0x000000001ab8d800 nmethod 235 0x00000000028288d0 code [0x0000000002828a60, 0x0000000002828e58]
Event: 255.472 Thread 0x000000001ab8d800  236       3       com.sun.jna.Function::invokePointer (29 bytes)
Event: 255.473 Thread 0x000000001ab8d800 nmethod 236 0x0000000002829090 code [0x0000000002829200, 0x0000000002829508]
Event: 289.493 Thread 0x000000001ab8d800  240       3       java.lang.ThreadLocal::get (38 bytes)
Event: 289.494 Thread 0x000000001ab8d800 nmethod 240 0x0000000002829d50 code [0x0000000002829ee0, 0x000000000282a268]

GC Heap History (0 events):
No events

Deoptimization events (0 events):
No events

Internal exceptions (6 events):
Event: 0.029 Thread 0x0000000000a0d800 Exception <a 'java/lang/NoSuchMethodError': Method sun.misc.Unsafe.defineClass(Ljava/lang/String;[BII)Ljava/lang/Class; name or signature does not match> (0x0000000780787cc0) thrown at [D:\re\workspace\8-2-build-windows-amd64-cygwin\jdk8u77\6540\hotspot\srPká:Éù?
Event: 0.029 Thread 0x0000000000a0d800 Exception <a 'java/lang/NoSuchMethodError': Method sun.misc.Unsafe.prefetchRead(Ljava/lang/Object;J)V name or signature does not match> (0x0000000780787fa8) thrown at [D:\re\workspace\8-2-build-windows-amd64-cygwin\jdk8u77\6540\hotspot\src\share\vm\prims\jØêV®Ω?
Event: 0.114 Thread 0x0000000000a0d800 Exception <a 'java/security/PrivilegedActionException'> (0x00000007809df028) thrown at [D:\re\workspace\8-2-build-windows-amd64-cygwin\jdk8u77\6540\hotspot\src\share\vm\prims\jvm.cpp, line 1386]
Event: 0.114 Thread 0x0000000000a0d800 Exception <a 'java/security/PrivilegedActionException'> (0x00000007809df238) thrown at [D:\re\workspace\8-2-build-windows-amd64-cygwin\jdk8u77\6540\hotspot\src\share\vm\prims\jvm.cpp, line 1386]
Event: 0.114 Thread 0x0000000000a0d800 Exception <a 'java/security/PrivilegedActionException'> (0x00000007809e3080) thrown at [D:\re\workspace\8-2-build-windows-amd64-cygwin\jdk8u77\6540\hotspot\src\share\vm\prims\jvm.cpp, line 1386]
Event: 0.114 Thread 0x0000000000a0d800 Exception <a 'java/security/PrivilegedActionException'> (0x00000007809e3290) thrown at [D:\re\workspace\8-2-build-windows-amd64-cygwin\jdk8u77\6540\hotspot\src\share\vm\prims\jvm.cpp, line 1386]

Events (10 events):
Event: 2.317 loading class sun/reflect/UnsafeObjectFieldAccessorImpl
Event: 2.317 loading class sun/reflect/UnsafeObjectFieldAccessorImpl done
Event: 2.318 loading class sun/reflect/UnsafeIntegerFieldAccessorImpl
Event: 2.318 loading class sun/reflect/UnsafeIntegerFieldAccessorImpl done
Event: 2.319 loading class com/sun/jna/Structure$2$StructureSet
Event: 2.319 loading class com/sun/jna/Structure$2$StructureSet done
Event: 2.321 loading class com/sun/jna/Structure$ByReference
Event: 2.321 loading class com/sun/jna/Structure$ByReference done
Event: 4.107 Executing VM operation: EnableBiasedLocking
Event: 4.107 Executing VM operation: EnableBiasedLocking done


Dynamic libraries:
0x00007ff6988e0000 - 0x00007ff698917000 	C:\Program Files\Java\jdk1.8.0_77\bin\java.exe
0x00007ff9f62c0000 - 0x00007ff9f6491000 	C:\WINDOWS\SYSTEM32\ntdll.dll
0x00007ff9f55f0000 - 0x00007ff9f569b000 	C:\WINDOWS\System32\KERNEL32.DLL
0x00007ff9f3610000 - 0x00007ff9f382d000 	C:\WINDOWS\System32\KERNELBASE.dll
0x00007ff9f5cd0000 - 0x00007ff9f5d72000 	C:\WINDOWS\System32\ADVAPI32.dll
0x00007ff9f4e80000 - 0x00007ff9f4f1e000 	C:\WINDOWS\System32\msvcrt.dll
0x00007ff9f5350000 - 0x00007ff9f53a9000 	C:\WINDOWS\System32\sechost.dll
0x00007ff9f4d50000 - 0x00007ff9f4e71000 	C:\WINDOWS\System32\RPCRT4.dll
0x00007ff9f5a30000 - 0x00007ff9f5b95000 	C:\WINDOWS\System32\USER32.dll
0x00007ff9f3490000 - 0x00007ff9f34ae000 	C:\WINDOWS\System32\win32u.dll
0x00007ff9f53b0000 - 0x00007ff9f53e4000 	C:\WINDOWS\System32\GDI32.dll
0x00007ff9f2840000 - 0x00007ff9f29c2000 	C:\WINDOWS\System32\gdi32full.dll
0x00007ff9eb620000 - 0x00007ff9eb899000 	C:\WINDOWS\WinSxS\amd64_microsoft.windows.common-controls_6595b64144ccf1df_6.0.14393.447_none_42191651c6827bb3\COMCTL32.dll
0x00007ff9f56a0000 - 0x00007ff9f5968000 	C:\WINDOWS\System32\combase.dll
0x00007ff9f2c00000 - 0x00007ff9f2cf5000 	C:\WINDOWS\System32\ucrtbase.dll
0x00007ff9f35a0000 - 0x00007ff9f360a000 	C:\WINDOWS\System32\bcryptPrimitives.dll
0x00007ff9f5df0000 - 0x00007ff9f5e1e000 	C:\WINDOWS\System32\IMM32.DLL
0x0000000055820000 - 0x00000000558f2000 	C:\Program Files\Java\jdk1.8.0_77\jre\bin\msvcr100.dll
0x0000000054f90000 - 0x0000000055820000 	C:\Program Files\Java\jdk1.8.0_77\jre\bin\server\jvm.dll
0x00007ff9f5de0000 - 0x00007ff9f5de8000 	C:\WINDOWS\System32\PSAPI.DLL
0x00007ff9f0840000 - 0x00007ff9f0863000 	C:\WINDOWS\SYSTEM32\WINMM.dll
0x00007ff9ec180000 - 0x00007ff9ec18a000 	C:\WINDOWS\SYSTEM32\VERSION.dll
0x00007ff9f06b0000 - 0x00007ff9f06db000 	C:\WINDOWS\SYSTEM32\WINMMBASE.dll
0x00007ff9e3240000 - 0x00007ff9e3249000 	C:\WINDOWS\SYSTEM32\WSOCK32.dll
0x00007ff9f34b0000 - 0x00007ff9f34f2000 	C:\WINDOWS\System32\cfgmgr32.dll
0x00007ff9f5ba0000 - 0x00007ff9f5c0a000 	C:\WINDOWS\System32\WS2_32.dll
0x0000000054f80000 - 0x0000000054f8f000 	C:\Program Files\Java\jdk1.8.0_77\jre\bin\verify.dll
0x0000000054f50000 - 0x0000000054f79000 	C:\Program Files\Java\jdk1.8.0_77\jre\bin\java.dll
0x0000000054f30000 - 0x0000000054f46000 	C:\Program Files\Java\jdk1.8.0_77\jre\bin\zip.dll
0x00007ff9f3830000 - 0x00007ff9f4d39000 	C:\WINDOWS\System32\SHELL32.dll
0x00007ff9f2db0000 - 0x00007ff9f348a000 	C:\WINDOWS\System32\windows.storage.dll
0x00007ff9f2730000 - 0x00007ff9f277c000 	C:\WINDOWS\System32\powrprof.dll
0x00007ff9f59d0000 - 0x00007ff9f5a22000 	C:\WINDOWS\System32\shlwapi.dll
0x00007ff9f2780000 - 0x00007ff9f278f000 	C:\WINDOWS\System32\kernel.appcore.dll
0x00007ff9f2d00000 - 0x00007ff9f2da9000 	C:\WINDOWS\System32\shcore.dll
0x00007ff9f2710000 - 0x00007ff9f2724000 	C:\WINDOWS\System32\profapi.dll
0x00007ff9f0af0000 - 0x00007ff9f0b00000 	D:\Program Files (x86)\JetBrains\IntelliJ IDEA 15.0.2\bin\breakgen64.dll
0x0000000054f10000 - 0x0000000054f2a000 	C:\Program Files\Java\jdk1.8.0_77\jre\bin\net.dll
0x00007ff9f1fd0000 - 0x00007ff9f202c000 	C:\WINDOWS\system32\mswsock.dll
0x00007ff9f2180000 - 0x00007ff9f2197000 	C:\WINDOWS\SYSTEM32\CRYPTSP.dll
0x00007ff9f1be0000 - 0x00007ff9f1c13000 	C:\WINDOWS\system32\rsaenh.dll
0x00007ff9f2640000 - 0x00007ff9f266b000 	C:\WINDOWS\SYSTEM32\bcrypt.dll
0x00007ff9f1e50000 - 0x00007ff9f1e6f000 	C:\WINDOWS\SYSTEM32\USERENV.dll
0x00007ff9f2170000 - 0x00007ff9f217b000 	C:\WINDOWS\SYSTEM32\CRYPTBASE.dll
0x00007ff9f1d60000 - 0x00007ff9f1d98000 	C:\WINDOWS\SYSTEM32\IPHLPAPI.DLL
0x00007ff9f4d40000 - 0x00007ff9f4d48000 	C:\WINDOWS\System32\NSI.dll
0x00007ff9ec550000 - 0x00007ff9ec566000 	C:\WINDOWS\SYSTEM32\dhcpcsvc6.DLL
0x00007ff9ec530000 - 0x00007ff9ec54a000 	C:\WINDOWS\SYSTEM32\dhcpcsvc.DLL
0x0000000054ef0000 - 0x0000000054f01000 	C:\Program Files\Java\jdk1.8.0_77\jre\bin\nio.dll
0x0000000180000000 - 0x0000000180037000 	C:\Users\Administrator\AppData\Local\Temp\jna1753231448280682016.dll
0x00007ff9ecb00000 - 0x00007ff9ecb10000 	E:\doc\dll\SDK\dcpushSDK.DLL
0x00007ff9c95b0000 - 0x00007ff9c974c000 	E:\doc\dll\SDK\dcpushStore.dll
0x00007ff9c3b00000 - 0x00007ff9c3c5e000 	E:\doc\dll\SDK\dcpushBasis.dll
0x0000000055e20000 - 0x0000000055eb8000 	C:\WINDOWS\SYSTEM32\MSVCP100.dll
0x00007ff9e84c0000 - 0x00007ff9e84d7000 	E:\doc\dll\SDK\dcpushHIS.dll
0x000000001c1c0000 - 0x000000001c1d8000 	d:\Anaconda2\Library\bin\zlib.dll
0x0000000054de0000 - 0x0000000054e83000 	C:\WINDOWS\WinSxS\amd64_microsoft.vc90.crt_1fc8b3b9a1e18e3b_9.0.30729.9247_none_08e394a1a83e212f\MSVCR90.dll
0x00007ff9dfe60000 - 0x00007ff9dfff2000 	C:\WINDOWS\SYSTEM32\dbghelp.dll

VM Arguments:
jvm_args: -Didea.launcher.port=7541 -Didea.launcher.bin.path=D:\Program Files (x86)\JetBrains\IntelliJ IDEA 15.0.2\bin -Dfile.encoding=UTF-8 
java_command: com.intellij.rt.execution.application.AppMain com.liusm.Main
java_class_path (initial): C:\Program Files\Java\jdk1.8.0_77\jre\lib\charsets.jar;C:\Program Files\Java\jdk1.8.0_77\jre\lib\deploy.jar;C:\Program Files\Java\jdk1.8.0_77\jre\lib\ext\access-bridge-64.jar;C:\Program Files\Java\jdk1.8.0_77\jre\lib\ext\cldrdata.jar;C:\Program Files\Java\jdk1.8.0_77\jre\lib\ext\dnsns.jar;C:\Program Files\Java\jdk1.8.0_77\jre\lib\ext\jaccess.jar;C:\Program Files\Java\jdk1.8.0_77\jre\lib\ext\jfxrt.jar;C:\Program Files\Java\jdk1.8.0_77\jre\lib\ext\localedata.jar;C:\Program Files\Java\jdk1.8.0_77\jre\lib\ext\nashorn.jar;C:\Program Files\Java\jdk1.8.0_77\jre\lib\ext\sunec.jar;C:\Program Files\Java\jdk1.8.0_77\jre\lib\ext\sunjce_provider.jar;C:\Program Files\Java\jdk1.8.0_77\jre\lib\ext\sunmscapi.jar;C:\Program Files\Java\jdk1.8.0_77\jre\lib\ext\sunpkcs11.jar;C:\Program Files\Java\jdk1.8.0_77\jre\lib\ext\zipfs.jar;C:\Program Files\Java\jdk1.8.0_77\jre\lib\javaws.jar;C:\Program Files\Java\jdk1.8.0_77\jre\lib\jce.jar;C:\Program Files\Java\jdk1.8.0_77\jre\lib\jfr.jar;C:\Program Files\Java\jdk1.8.0_77\jre\lib\jfxswt.jar;C:\Program Files\Java\jdk1.8.0_77\jre\lib\jsse.jar;C:\Program Files\Java\jdk1.8.0_77\jre\lib\management-agent.jar;C:\Program Files\Java\jdk1.8.0_77\jre\lib\plugin.jar;C:\Program Files\Java\jdk1.8.0_77\jre\lib\resources.jar;C:\Program Files\Java\jdk1.8.0_77\jre\lib\rt.jar;D:\workspace\dlldemo\out\production\dlldemo;D:\workspace\dlldemo\lib\jna.jar;D:\Program Files (x86)\JetBrains\IntelliJ IDEA 15.0.2\lib\idea_rt.jar
Launcher Type: SUN_STANDARD

Environment Variables:
JAVA_HOME=C:\Program Files\Java\jdk1.8.0_77
PATH=C:\ProgramData\Oracle\Java\javapath;C:\Windows\system32;C:\Windows;C:\Windows\System32\Wbem;C:\Windows\System32\WindowsPowerShell\v1.0\;C:\Program Files (x86)\NVIDIA Corporation\PhysX\Common;C:\WINDOWS\system32;C:\WINDOWS;C:\WINDOWS\System32\Wbem;C:\WINDOWS\System32\WindowsPowerShell\v1.0\;C:\Program Files (x86)\scala\bin;d:\Anaconda2;d:\Anaconda2\Scripts;d:\Anaconda2\Library\bin;E:\tool\install\mvn\apache-maven-3.3.9\bin;C:\Program Files\Java\jdk1.8.0_77\bin;C:\Users\Administrator\AppData\Local\Microsoft\WindowsApps;
USERNAME=Administrator
OS=Windows_NT
PROCESSOR_IDENTIFIER=Intel64 Family 6 Model 60 Stepping 3, GenuineIntel



---------------  S Y S T E M  ---------------

OS: Windows 10.0 , 64 bit Build 14393 (10.0.14393.0)

CPU:total 4 (2 cores per cpu, 2 threads per core) family 6 model 60 stepping 3, cmov, cx8, fxsr, mmx, sse, sse2, sse3, ssse3, sse4.1, sse4.2, popcnt, avx, avx2, aes, clmul, erms, lzcnt, ht, tsc, tscinvbit, bmi1, bmi2

Memory: 4k page, physical 12488024k(8193932k free), swap 13274456k(7777720k free)

vm_info: Java HotSpot(TM) 64-Bit Server VM (25.77-b03) for windows-amd64 JRE (1.8.0_77-b03), built on Mar 20 2016 22:01:33 by "java_re" with MS VC++ 10.0 (VS2010)

time: Tue Jan 24 10:52:37 2017
elapsed time: 319 seconds (0d 0h 5m 19s)

